<?xml version="1.0" encoding="UTF-8"?>
<testng-results ignored="0" total="1" passed="1" failed="0" skipped="0">
  <reporter-output>
  </reporter-output>
  <suite started-at="2023-06-28T18:41:24 IST" name="All Test Suite" finished-at="2023-06-28T18:41:41 IST" duration-ms="17171">
    <groups>
    </groups>
    <test started-at="2023-06-28T18:41:24 IST" name="C:/Users/ramkr/IdeaProjects/TestNGParameterization" finished-at="2023-06-28T18:41:41 IST" duration-ms="17171">
      <class name="ParameterWithTestNGXML">
        <test-method signature="testParameterWithXML(java.lang.String, java.lang.String)[pri:0, instance:ParameterWithTestNGXML@1e67a849]" started-at="2023-06-28T18:41:24 IST" name="testParameterWithXML" finished-at="2023-06-28T18:41:41 IST" duration-ms="17126" status="PASS">
          <params>
            <param index="0">
              <value>
                <![CDATA[shakespeare]]>
              </value>
            </param>
            <param index="1">
              <value>
                <![CDATA[hamlet]]>
              </value>
            </param>
          </params>
          <reporter-output>
          </reporter-output>
        </test-method> <!-- testParameterWithXML -->
      </class> <!-- ParameterWithTestNGXML -->
    </test> <!-- C:/Users/ramkr/IdeaProjects/TestNGParameterization -->
  </suite> <!-- All Test Suite -->
</testng-results>
